\BOOKMARK [0][-]{chapter.1}{Grundlagen interner Modelle im Kompositbereich}{}% 1
\BOOKMARK [0][-]{chapter.2}{Bruttomodellierung \(inkl. Katastrophensch\344den\)}{}% 2
\BOOKMARK [1][-]{section.2.1}{Grundlagen}{chapter.2}% 3
\BOOKMARK [2][-]{subsection.2.1.1}{Zielgr\366\337en und Gestalt der Ergebnisse}{section.2.1}% 4
\BOOKMARK [2][-]{subsection.2.1.2}{Definition des Pr\344mienrisikos}{section.2.1}% 5
\BOOKMARK [2][-]{subsection.2.1.3}{Schadenmodellierung}{section.2.1}% 6
\BOOKMARK [2][-]{subsection.2.1.4}{Schadenmodellierung \(excl. CAT\)}{section.2.1}% 7
\BOOKMARK [1][-]{section.2.2}{Modellierung von Katastrophensch\344den}{chapter.2}% 8
\BOOKMARK [2][-]{subsection.2.2.1}{Charakterisierung von Katastrophenschadenverteilungen}{section.2.2}% 9
\BOOKMARK [2][-]{subsection.2.2.2}{Modellierungsans\344tze f\374r Katastrophensch\344den}{section.2.2}% 10
\BOOKMARK [2][-]{subsection.2.2.3}{Explizite Modellierung gem\344\337 mathematisch-statistischer Ans\344tze}{section.2.2}% 11
\BOOKMARK [2][-]{subsection.2.2.4}{Implizite Modellierung gem\344\337 mathematisch-statistischer Ans\344tze}{section.2.2}% 12
\BOOKMARK [2][-]{subsection.2.2.5}{Funktionsweise exposure-basierter Modelle}{section.2.2}% 13
\BOOKMARK [2][-]{subsection.2.2.6}{Modellierung von Katastrophensch\344den aus Naturgefahren}{section.2.2}% 14
\BOOKMARK [2][-]{subsection.2.2.7}{Modellierung von Man-Made-Katastrophensch\344den}{section.2.2}% 15
\BOOKMARK [2][-]{subsection.2.2.8}{Idealtypischer Modellierungsprozess}{section.2.2}% 16
\BOOKMARK [2][-]{subsection.2.2.9}{Einbindung externer \(exposure-basierter\) Modelle in das interne Modell - \334berblick}{section.2.2}% 17
\BOOKMARK [0][-]{chapter.3}{R\374ckversicherungsmodellierung}{}% 18
\BOOKMARK [0][-]{chapter.4}{Stochastische Modellierung des Reserverisikos und Erzeugung von Cashflows}{}% 19
\BOOKMARK [1][-]{section.4.1}{Modellierung des Reserverisikos und Generierung von Cashflows}{chapter.4}% 20
\BOOKMARK [2][-]{subsection.4.1.1}{Stochastische Modelle f\374r die Schadenabwicklung}{section.4.1}% 21
\BOOKMARK [2][-]{subsection.4.1.2}{Ans\344tze zur Quantifizierung des ultimativen Reserverisikos}{section.4.1}% 22
\BOOKMARK [0][-]{chapter.5}{\334berleitung in die einj\344hrige Risikosicht in der Versicherungstechnik}{}% 23
\BOOKMARK [1][-]{subsection.5.0.1}{Allgemeine \334berlegungen zum einj\344hrigen Risikohorizont}{chapter.5}% 24
\BOOKMARK [2][-]{subsection.5.0.2}{Der einj\344hrige Risikohorizont im Reserverisiko}{subsection.5.0.1}% 25
\BOOKMARK [2][-]{subsection.5.0.3}{Direkte Anpassung der CDR-Verteilung gem\344\337 Analytik}{subsection.5.0.1}% 26
